/data/data/com.termux/files/home/OpenREC/app/node_modules/@tauri-apps/cli/index.js:250
    throw loadError
    ^

Error: Cannot find module '@tauri-apps/cli-android-arm64'
Require stack:
- /data/data/com.termux/files/home/OpenREC/app/node_modules/@tauri-apps/cli/index.js
- /data/data/com.termux/files/home/OpenREC/app/node_modules/@tauri-apps/cli/main.js
- /data/data/com.termux/files/home/OpenREC/app/node_modules/@tauri-apps/cli/tauri.js
    at Module._resolveFilename (node:internal/modules/cjs/loader:1568:15)
    at wrapResolveFilename (node:internal/modules/cjs/loader:1122:27)
    at defaultResolveImplForCJSLoading (node:internal/modules/cjs/loader:1146:10)
    at resolveForCJSWithHooks (node:internal/modules/cjs/loader:1173:12)
    at Module._load (node:internal/modules/cjs/loader:1345:5)
    at wrapModuleLoad (node:internal/modules/cjs/loader:260:19)
    at Module.require (node:internal/modules/cjs/loader:1689:12)
    at require (node:internal/modules/helpers:191:16)
    at Object.<anonymous> (/data/data/com.termux/files/home/OpenREC/app/node_modules/@tauri-apps/cli/index.js:40:29)
    at Module._compile (node:internal/modules/cjs/loader:1944:14) {
  code: 'MODULE_NOT_FOUND',
  requireStack: [
    '/data/data/com.termux/files/home/OpenREC/app/node_modules/@tauri-apps/cli/index.js',
    '/data/data/com.termux/files/home/OpenREC/app/node_modules/@tauri-apps/cli/main.js',
    '/data/data/com.termux/files/home/OpenREC/app/node_modules/@tauri-apps/cli/tauri.js'
  ]
}

Node.js v26.4.0
